	*** See file: 27-07-2010 14:35:4:71 C:\MATLAB2009b\bin\win32\SCBS1.ENG***

String not found. Section: [TPMessages]  Key: SPLINE_STR
String not found. Section: [TPMessages]  Key: SPLINE_STR
String not found. Section: [TPMessages]  Key: MOVE_STR
String not found. Section: [TPMessages]  Key: MOVE_STR
String not found. Section: [TPMessages]  Key: MOVEC_STR
String not found. Section: [TPMessages]  Key: MOVEC_STR
String not found. Section: [TPMessages]  Key: MOVEL_STR
String not found. Section: [TPMessages]  Key: MOVEL_STR
String not found. Section: [TPMessages]  Key: INSERT_STR
String not found. Section: [TPMessages]  Key: INSERT_STR
String not found. Section: [TPMessages]  Key: DELETE_STR
String not found. Section: [TPMessages]  Key: DELETE_STR
String not found. Section: [TPMessages]  Key: SPEED_STR
String not found. Section: [TPMessages]  Key: SPEED_STR
String not found. Section: [TPMessages]  Key: SPEEDL_STR
String not found. Section: [TPMessages]  Key: SPEEDL_STR
String not found. Section: [TPMessages]  Key: RECORD_STR
String not found. Section: [TPMessages]  Key: RECORD_STR
String not found. Section: [TPMessages]  Key: RUN_STR
String not found. Section: [TPMessages]  Key: RUN_STR
String not found. Section: [TPMessages]  Key: CONALL_STR
String not found. Section: [TPMessages]  Key: CONALL_STR
String not found. Section: [TPMessages]  Key: COFFALL_STR
String not found. Section: [TPMessages]  Key: COFFALL_STR
String not found. Section: [TPMessages]  Key: CON_STR
String not found. Section: [TPMessages]  Key: CON_STR
String not found. Section: [TPMessages]  Key: COFF_STR
String not found. Section: [TPMessages]  Key: COFF_STR
String not found. Section: [TPMessages]  Key: ENTER_STR
String not found. Section: [TPMessages]  Key: ENTER_STR
String not found. Section: [TPMessages]  Key: STATUS_STR
String not found. Section: [TPMessages]  Key: STATUS_STR
String not found. Section: [TPMessages]  Key: JOINTS_STR
String not found. Section: [TPMessages]  Key: JOINTS_STR
String not found. Section: [TPMessages]  Key: XYZ_STR
String not found. Section: [TPMessages]  Key: XYZ_STR
String not found. Section: [TPMessages]  Key: TOOL_STR
String not found. Section: [TPMessages]  Key: TOOL_STR
String not found. Section: [TPMessages]  Key: UNDEF_STR
String not found. Section: [TPMessages]  Key: UNDEF_STR
String not found. Section: [TPMessages]  Key: AX_STR
String not found. Section: [TPMessages]  Key: AX_STR
String not found. Section: [TPMessages]  Key: SEL_STR
String not found. Section: [TPMessages]  Key: SEL_STR
String not found. Section: [TPMessages]  Key: AX_SEL_STR
String not found. Section: [TPMessages]  Key: AX_SEL_STR
String not found. Section: [TPMessages]  Key: SIN_STR
String not found. Section: [TPMessages]  Key: SIN_STR
String not found. Section: [TPMessages]  Key: ABORT_STR
String not found. Section: [TPMessages]  Key: ABORT_STR
String not found. Section: [TPMessages]  Key: ROLL_STR
String not found. Section: [TPMessages]  Key: ROLL_STR
String not found. Section: [TPMessages]  Key: PITCH_STR
String not found. Section: [TPMessages]  Key: PITCH_STR
String not found. Section: [TPMessages]  Key: EMERG_STR
String not found. Section: [TPMessages]  Key: EMERG_STR
String not found. Section: [TPMessages]  Key: AUTO_STR
String not found. Section: [TPMessages]  Key: AUTO_STR
String not found. Section: [TPMessages]  Key: AUTO_HOME_STR
String not found. Section: [TPMessages]  Key: AUTO_HOME_STR
String not found. Section: [TPMessages]  Key: ERR_STR
String not found. Section: [TPMessages]  Key: ERR_STR
String not found. Section: [TPMessages]  Key: SELECTA_STR
String not found. Section: [TPMessages]  Key: SELECTA_STR
String not found. Section: [TPMessages]  Key: OPEN_STR
String not found. Section: [TPMessages]  Key: OPEN_STR
String not found. Section: [TPMessages]  Key: CLOSE_STR
String not found. Section: [TPMessages]  Key: CLOSE_STR
String not found. Section: [TPMessages]  Key: CJOINT_STR
String not found. Section: [TPMessages]  Key: CJOINT_STR
String not found. Section: [TPMessages]  Key: CTOOL_STR
String not found. Section: [TPMessages]  Key: CTOOL_STR
String not found. Section: [TPMessages]  Key: CXYZ_STR
String not found. Section: [TPMessages]  Key: CXYZ_STR
String not found. Section: [TPMessages]  Key: GROUP_STR
String not found. Section: [TPMessages]  Key: GROUP_STR
String not found. Section: [TPMessages]  Key: CLEAR_STR
String not found. Section: [TPMessages]  Key: CLEAR_STR
String not found. Section: [TPMessages]  Key: MOTION_END
String not found. Section: [TPMessages]  Key: MOTION_END
String not found. Section: [TPMessages]  Key: MOTION_ABORTED
String not found. Section: [TPMessages]  Key: MOTION_ABORTED
String not found. Section: [TPMessages]  Key: TP_NORUN
String not found. Section: [TPMessages]  Key: TP_NORUN
String not found. Section: [TPMessages]  Key: TP_INV_AX
String not found. Section: [TPMessages]  Key: TP_INV_AX
String not found. Section: [TPMessages]  Key: TP_INV_GROUP
String not found. Section: [TPMessages]  Key: TP_INV_GROUP
String not found. Section: [TPMessages]  Key: TP_INIT
String not found. Section: [TPMessages]  Key: TP_INIT
String not found. Section: [TPMessages]  Key: TP_NOT_ACTIVE
String not found. Section: [TPMessages]  Key: TP_NOT_ACTIVE
String not found. Section: [TPMessages]  Key: TP_TEACH_MODE
String not found. Section: [TPMessages]  Key: TP_TEACH_MODE
String not found. Section: [TPMessages]  Key: CNTRLR_OFF
String not found. Section: [TPMessages]  Key: CNTRLR_OFF
String not found. Section: [TPMessages]  Key: CARTES_BRIEF
String not found. Section: [TPMessages]  Key: CARTES_BRIEF
String not found. Section: [TPMessages]  Key: HomingAll
String not found. Section: [TPMessages]  Key: HomingAll
String not found. Section: [TPMessages]  Key: HomingRobot
String not found. Section: [TPMessages]  Key: HomingRobot
String not found. Section: [TPMessages]  Key: HomingAxis
String not found. Section: [TPMessages]  Key: HomingAxis
String not found. Section: [TPMessages]  Key: HomingEnd
String not found. Section: [TPMessages]  Key: HomingEnd
String not found. Section: [TPMessages]  Key: Done
String not found. Section: [TPMessages]  Key: Done
String not found. Section: [TPMessages]  Key: ERR_UNASS_POINT
String not found. Section: [TPMessages]  Key: ERR_UNASS_POINT
String not found. Section: [TPMessages]  Key: SPLINE_STR
String not found. Section: [TPMessages]  Key: SPLINE_STR
String not found. Section: [TPMessages]  Key: MOVE_STR
String not found. Section: [TPMessages]  Key: MOVE_STR
String not found. Section: [TPMessages]  Key: MOVEC_STR
String not found. Section: [TPMessages]  Key: MOVEC_STR
String not found. Section: [TPMessages]  Key: MOVEL_STR
String not found. Section: [TPMessages]  Key: MOVEL_STR
String not found. Section: [TPMessages]  Key: INSERT_STR
String not found. Section: [TPMessages]  Key: INSERT_STR
String not found. Section: [TPMessages]  Key: DELETE_STR
String not found. Section: [TPMessages]  Key: DELETE_STR
String not found. Section: [TPMessages]  Key: SPEED_STR
String not found. Section: [TPMessages]  Key: SPEED_STR
String not found. Section: [TPMessages]  Key: SPEEDL_STR
String not found. Section: [TPMessages]  Key: SPEEDL_STR
String not found. Section: [TPMessages]  Key: RECORD_STR
String not found. Section: [TPMessages]  Key: RECORD_STR
String not found. Section: [TPMessages]  Key: RUN_STR
String not found. Section: [TPMessages]  Key: RUN_STR
String not found. Section: [TPMessages]  Key: CONALL_STR
String not found. Section: [TPMessages]  Key: CONALL_STR
String not found. Section: [TPMessages]  Key: COFFALL_STR
String not found. Section: [TPMessages]  Key: COFFALL_STR
String not found. Section: [TPMessages]  Key: CON_STR
String not found. Section: [TPMessages]  Key: CON_STR
String not found. Section: [TPMessages]  Key: COFF_STR
String not found. Section: [TPMessages]  Key: COFF_STR
String not found. Section: [TPMessages]  Key: ENTER_STR
String not found. Section: [TPMessages]  Key: ENTER_STR
String not found. Section: [TPMessages]  Key: STATUS_STR
String not found. Section: [TPMessages]  Key: STATUS_STR
String not found. Section: [TPMessages]  Key: JOINTS_STR
String not found. Section: [TPMessages]  Key: JOINTS_STR
String not found. Section: [TPMessages]  Key: XYZ_STR
String not found. Section: [TPMessages]  Key: XYZ_STR
String not found. Section: [TPMessages]  Key: TOOL_STR
String not found. Section: [TPMessages]  Key: TOOL_STR
String not found. Section: [TPMessages]  Key: UNDEF_STR
String not found. Section: [TPMessages]  Key: UNDEF_STR
String not found. Section: [TPMessages]  Key: AX_STR
String not found. Section: [TPMessages]  Key: AX_STR
String not found. Section: [TPMessages]  Key: SEL_STR
String not found. Section: [TPMessages]  Key: SEL_STR
String not found. Section: [TPMessages]  Key: AX_SEL_STR
String not found. Section: [TPMessages]  Key: AX_SEL_STR
String not found. Section: [TPMessages]  Key: SIN_STR
String not found. Section: [TPMessages]  Key: SIN_STR
String not found. Section: [TPMessages]  Key: ABORT_STR
String not found. Section: [TPMessages]  Key: ABORT_STR
String not found. Section: [TPMessages]  Key: ROLL_STR
String not found. Section: [TPMessages]  Key: ROLL_STR
String not found. Section: [TPMessages]  Key: PITCH_STR
String not found. Section: [TPMessages]  Key: PITCH_STR
String not found. Section: [TPMessages]  Key: EMERG_STR
String not found. Section: [TPMessages]  Key: EMERG_STR
String not found. Section: [TPMessages]  Key: AUTO_STR
String not found. Section: [TPMessages]  Key: AUTO_STR
String not found. Section: [TPMessages]  Key: AUTO_HOME_STR
String not found. Section: [TPMessages]  Key: AUTO_HOME_STR
String not found. Section: [TPMessages]  Key: ERR_STR
String not found. Section: [TPMessages]  Key: ERR_STR
String not found. Section: [TPMessages]  Key: SELECTA_STR
String not found. Section: [TPMessages]  Key: SELECTA_STR
String not found. Section: [TPMessages]  Key: OPEN_STR
String not found. Section: [TPMessages]  Key: OPEN_STR
String not found. Section: [TPMessages]  Key: CLOSE_STR
String not found. Section: [TPMessages]  Key: CLOSE_STR
String not found. Section: [TPMessages]  Key: CJOINT_STR
String not found. Section: [TPMessages]  Key: CJOINT_STR
String not found. Section: [TPMessages]  Key: CTOOL_STR
String not found. Section: [TPMessages]  Key: CTOOL_STR
String not found. Section: [TPMessages]  Key: CXYZ_STR
String not found. Section: [TPMessages]  Key: CXYZ_STR
String not found. Section: [TPMessages]  Key: GROUP_STR
String not found. Section: [TPMessages]  Key: GROUP_STR
String not found. Section: [TPMessages]  Key: CLEAR_STR
String not found. Section: [TPMessages]  Key: CLEAR_STR
String not found. Section: [TPMessages]  Key: MOTION_END
String not found. Section: [TPMessages]  Key: MOTION_END
String not found. Section: [TPMessages]  Key: MOTION_ABORTED
String not found. Section: [TPMessages]  Key: MOTION_ABORTED
String not found. Section: [TPMessages]  Key: TP_NORUN
String not found. Section: [TPMessages]  Key: TP_NORUN
String not found. Section: [TPMessages]  Key: TP_INV_AX
String not found. Section: [TPMessages]  Key: TP_INV_AX
String not found. Section: [TPMessages]  Key: TP_INV_GROUP
String not found. Section: [TPMessages]  Key: TP_INV_GROUP
String not found. Section: [TPMessages]  Key: TP_INIT
String not found. Section: [TPMessages]  Key: TP_INIT
String not found. Section: [TPMessages]  Key: TP_NOT_ACTIVE
String not found. Section: [TPMessages]  Key: TP_NOT_ACTIVE
String not found. Section: [TPMessages]  Key: TP_TEACH_MODE
String not found. Section: [TPMessages]  Key: TP_TEACH_MODE
String not found. Section: [TPMessages]  Key: CNTRLR_OFF
String not found. Section: [TPMessages]  Key: CNTRLR_OFF
String not found. Section: [TPMessages]  Key: CARTES_BRIEF
String not found. Section: [TPMessages]  Key: CARTES_BRIEF
String not found. Section: [TPMessages]  Key: HomingAll
String not found. Section: [TPMessages]  Key: HomingAll
String not found. Section: [TPMessages]  Key: HomingRobot
String not found. Section: [TPMessages]  Key: HomingRobot
String not found. Section: [TPMessages]  Key: HomingAxis
String not found. Section: [TPMessages]  Key: HomingAxis
String not found. Section: [TPMessages]  Key: HomingEnd
String not found. Section: [TPMessages]  Key: HomingEnd
String not found. Section: [TPMessages]  Key: Done
String not found. Section: [TPMessages]  Key: Done
String not found. Section: [TPMessages]  Key: ERR_UNASS_POINT
String not found. Section: [TPMessages]  Key: ERR_UNASS_POINT
String not found. Section: [TPMessages]  Key: SPLINE_STR
String not found. Section: [TPMessages]  Key: SPLINE_STR
String not found. Section: [TPMessages]  Key: MOVE_STR
String not found. Section: [TPMessages]  Key: MOVE_STR
String not found. Section: [TPMessages]  Key: MOVEC_STR
String not found. Section: [TPMessages]  Key: MOVEC_STR
String not found. Section: [TPMessages]  Key: MOVEL_STR
String not found. Section: [TPMessages]  Key: MOVEL_STR
String not found. Section: [TPMessages]  Key: INSERT_STR
String not found. Section: [TPMessages]  Key: INSERT_STR
String not found. Section: [TPMessages]  Key: DELETE_STR
String not found. Section: [TPMessages]  Key: DELETE_STR
String not found. Section: [TPMessages]  Key: SPEED_STR
String not found. Section: [TPMessages]  Key: SPEED_STR
String not found. Section: [TPMessages]  Key: SPEEDL_STR
String not found. Section: [TPMessages]  Key: SPEEDL_STR
String not found. Section: [TPMessages]  Key: RECORD_STR
String not found. Section: [TPMessages]  Key: RECORD_STR
String not found. Section: [TPMessages]  Key: RUN_STR
String not found. Section: [TPMessages]  Key: RUN_STR
String not found. Section: [TPMessages]  Key: CONALL_STR
String not found. Section: [TPMessages]  Key: CONALL_STR
String not found. Section: [TPMessages]  Key: COFFALL_STR
String not found. Section: [TPMessages]  Key: COFFALL_STR
String not found. Section: [TPMessages]  Key: CON_STR
String not found. Section: [TPMessages]  Key: CON_STR
String not found. Section: [TPMessages]  Key: COFF_STR
String not found. Section: [TPMessages]  Key: COFF_STR
String not found. Section: [TPMessages]  Key: ENTER_STR
String not found. Section: [TPMessages]  Key: ENTER_STR
String not found. Section: [TPMessages]  Key: STATUS_STR
String not found. Section: [TPMessages]  Key: STATUS_STR
String not found. Section: [TPMessages]  Key: JOINTS_STR
String not found. Section: [TPMessages]  Key: JOINTS_STR
String not found. Section: [TPMessages]  Key: XYZ_STR
String not found. Section: [TPMessages]  Key: XYZ_STR
String not found. Section: [TPMessages]  Key: TOOL_STR
String not found. Section: [TPMessages]  Key: TOOL_STR
String not found. Section: [TPMessages]  Key: UNDEF_STR
String not found. Section: [TPMessages]  Key: UNDEF_STR
String not found. Section: [TPMessages]  Key: AX_STR
String not found. Section: [TPMessages]  Key: AX_STR
String not found. Section: [TPMessages]  Key: SEL_STR
String not found. Section: [TPMessages]  Key: SEL_STR
String not found. Section: [TPMessages]  Key: AX_SEL_STR
String not found. Section: [TPMessages]  Key: AX_SEL_STR
String not found. Section: [TPMessages]  Key: SIN_STR
String not found. Section: [TPMessages]  Key: SIN_STR
String not found. Section: [TPMessages]  Key: ABORT_STR
String not found. Section: [TPMessages]  Key: ABORT_STR
String not found. Section: [TPMessages]  Key: ROLL_STR
String not found. Section: [TPMessages]  Key: ROLL_STR
String not found. Section: [TPMessages]  Key: PITCH_STR
String not found. Section: [TPMessages]  Key: PITCH_STR
String not found. Section: [TPMessages]  Key: EMERG_STR
String not found. Section: [TPMessages]  Key: EMERG_STR
String not found. Section: [TPMessages]  Key: AUTO_STR
String not found. Section: [TPMessages]  Key: AUTO_STR
String not found. Section: [TPMessages]  Key: AUTO_HOME_STR
String not found. Section: [TPMessages]  Key: AUTO_HOME_STR
String not found. Section: [TPMessages]  Key: ERR_STR
String not found. Section: [TPMessages]  Key: ERR_STR
String not found. Section: [TPMessages]  Key: SELECTA_STR
String not found. Section: [TPMessages]  Key: SELECTA_STR
String not found. Section: [TPMessages]  Key: OPEN_STR
String not found. Section: [TPMessages]  Key: OPEN_STR
String not found. Section: [TPMessages]  Key: CLOSE_STR
String not found. Section: [TPMessages]  Key: CLOSE_STR
String not found. Section: [TPMessages]  Key: CJOINT_STR
String not found. Section: [TPMessages]  Key: CJOINT_STR
String not found. Section: [TPMessages]  Key: CTOOL_STR
String not found. Section: [TPMessages]  Key: CTOOL_STR
String not found. Section: [TPMessages]  Key: CXYZ_STR
String not found. Section: [TPMessages]  Key: CXYZ_STR
String not found. Section: [TPMessages]  Key: GROUP_STR
String not found. Section: [TPMessages]  Key: GROUP_STR
String not found. Section: [TPMessages]  Key: CLEAR_STR
String not found. Section: [TPMessages]  Key: CLEAR_STR
String not found. Section: [TPMessages]  Key: MOTION_END
String not found. Section: [TPMessages]  Key: MOTION_END
String not found. Section: [TPMessages]  Key: MOTION_ABORTED
String not found. Section: [TPMessages]  Key: MOTION_ABORTED
String not found. Section: [TPMessages]  Key: TP_NORUN
String not found. Section: [TPMessages]  Key: TP_NORUN
String not found. Section: [TPMessages]  Key: TP_INV_AX
String not found. Section: [TPMessages]  Key: TP_INV_AX
String not found. Section: [TPMessages]  Key: TP_INV_GROUP
String not found. Section: [TPMessages]  Key: TP_INV_GROUP
String not found. Section: [TPMessages]  Key: TP_INIT
String not found. Section: [TPMessages]  Key: TP_INIT
String not found. Section: [TPMessages]  Key: TP_NOT_ACTIVE
String not found. Section: [TPMessages]  Key: TP_NOT_ACTIVE
String not found. Section: [TPMessages]  Key: TP_TEACH_MODE
String not found. Section: [TPMessages]  Key: TP_TEACH_MODE
String not found. Section: [TPMessages]  Key: CNTRLR_OFF
String not found. Section: [TPMessages]  Key: CNTRLR_OFF
String not found. Section: [TPMessages]  Key: CARTES_BRIEF
String not found. Section: [TPMessages]  Key: CARTES_BRIEF
String not found. Section: [TPMessages]  Key: HomingAll
String not found. Section: [TPMessages]  Key: HomingAll
String not found. Section: [TPMessages]  Key: HomingRobot
String not found. Section: [TPMessages]  Key: HomingRobot
String not found. Section: [TPMessages]  Key: HomingAxis
String not found. Section: [TPMessages]  Key: HomingAxis
String not found. Section: [TPMessages]  Key: HomingEnd
String not found. Section: [TPMessages]  Key: HomingEnd
String not found. Section: [TPMessages]  Key: Done
String not found. Section: [TPMessages]  Key: Done
String not found. Section: [TPMessages]  Key: ERR_UNASS_POINT
String not found. Section: [TPMessages]  Key: ERR_UNASS_POINT
String not found. Section: [TPMessages]  Key: ERR_MOV_PROGR
String not found. Section: [TPMessages]  Key: ERR_MOV_PROGR
